<?xml version="1.0" encoding="UTF-8" ?>
<testsuites>
  <testsuite errors="0" failures="0" hostname="rodrigo" id="0" name="CommentTests" package="groovypublish" tests="1" time="0.009" timestamp="2012-12-27T23:51:11">
      <properties />

      <testcase classname="groovypublish.CommentTests" name="testSomething" time="0.006" />

      <system-out><![CDATA[--Output from testSomething--
]]></system-out>

      <system-err><![CDATA[--Output from testSomething--
]]></system-err>

  </testsuite>
  <testsuite errors="0" failures="0" hostname="rodrigo" id="1" name="CommentatorTests" package="groovypublish" tests="1" time="0.507" timestamp="2012-12-27T23:51:10">
      <properties />

      <testcase classname="groovypublish.CommentatorTests" name="testSomething" time="0.462" />

      <system-out><![CDATA[--Output from testSomething--
]]></system-out>

      <system-err><![CDATA[--Output from testSomething--
]]></system-err>

  </testsuite>
  <testsuite errors="1" failures="0" hostname="rodrigo" id="2" name="PostTests" package="groovypublish" tests="1" time="0.13" timestamp="2012-12-27T23:51:11">
      <properties />

      <testcase classname="groovypublish.PostTests" name="testCrud" time="0.104">
          <error message="No signature of method: groovypublish.Post.save() is applicable for argument types: () values: [] Possible solutions: wait(), any(), wait(long), use([Ljava.lang.Object;), isCase(java.lang.Object), any(groovy.lang.Closure)" type="groovy.lang.MissingMethodException">groovy.lang.MissingMethodException: No signature of method: groovypublish.Post.save() is applicable for argument types: () values: []
Possible solutions: wait(), any(), wait(long), use([Ljava.lang.Object;), isCase(java.lang.Object), any(groovy.lang.Closure)
	at groovypublish.PostTests.testCrud(PostTests.groovy:16)
</error>

      </testcase>

      <system-out><![CDATA[--Output from testCrud--
]]></system-out>

      <system-err><![CDATA[--Output from testCrud--
]]></system-err>

  </testsuite>
</testsuites>
