Testsuite: groovypublish.PostTests
Tests run: 2, Failures: 0, Errors: 2, Time elapsed: 0,182 sec
------------- Standard Output ---------------
--Output from testCrud--
--Output from testTitleisrequired--
------------- ---------------- ---------------
------------- Standard Error -----------------
--Output from testCrud--
--Output from testTitleisrequired--
------------- ---------------- ---------------

Testcase: testCrud took 0,088 sec
	Caused an ERROR
No signature of method: groovypublish.Post.save() is applicable for argument types: () values: []
Possible solutions: wait(), any(), wait(long), use([Ljava.lang.Object;), isCase(java.lang.Object), any(groovy.lang.Closure)
groovy.lang.MissingMethodException: No signature of method: groovypublish.Post.save() is applicable for argument types: () values: []
Possible solutions: wait(), any(), wait(long), use([Ljava.lang.Object;), isCase(java.lang.Object), any(groovy.lang.Closure)
	at groovypublish.PostTests.testCrud(PostTests.groovy:16)

Testcase: testTitleisrequired took 0,03 sec
	Caused an ERROR
No signature of method: groovypublish.Post.save() is applicable for argument types: () values: []
Possible solutions: wait(), any(), wait(long), use([Ljava.lang.Object;), isCase(java.lang.Object), any(groovy.lang.Closure)
groovy.lang.MissingMethodException: No signature of method: groovypublish.Post.save() is applicable for argument types: () values: []
Possible solutions: wait(), any(), wait(long), use([Ljava.lang.Object;), isCase(java.lang.Object), any(groovy.lang.Closure)
	at groovypublish.PostTests.testTitleisrequired(PostTests.groovy:36)

